<?xml version="1.0" encoding="UTF-8"?>
<!-- Generated by org.testng.reporters.JUnitXMLReporter -->
<testsuite ignored="1" hostname="Ismets-MacBook.local" failures="1" tests="1" name="SmokeTest" time="26.854" errors="0" timestamp="2020-07-24T15:15:26 EDT">
  <testcase classname="signinpage.SigninPageNavigation" name="SigninPageNavigation1" time="8.995">
    <failure type="java.lang.AssertionError" message="expected [false] but found [true]">
      <![CDATA[java.lang.AssertionError: expected [false] but found [true]
at signinpage.SigninPageNavigation.SigninPageNavigation1(SigninPageNavigation.java:52)
at java.base/java.util.ArrayList.forEach(ArrayList.java:1510)
... Removed 35 stack frames]]>
    </failure>
  </testcase> <!-- SigninPageNavigation1 -->
  <testcase classname="signinpage.SigninPageNavigation" name="handleSecondWayWindowsTag" time="0.0">
    <ignored/>
  </testcase> <!-- handleSecondWayWindowsTag -->
</testsuite> <!-- SmokeTest -->
